[2025-01-01 20:03:11] [INFO] Routing to InstallController::showForm with params: []
[2025-01-01 20:04:13] [INFO] Routing to InstallController::showForm with params: []
[2025-01-01 20:05:27] [INFO] Routing to InstallController::showForm with params: []
[2025-01-01 20:08:00] [INFO] Routing to InstallController::submitForm with params: []
[2025-01-01 20:08:18] [INFO] Routing to InstallController::submitForm with params: []
[2025-01-01 20:09:22] [INFO] Routing to InstallController::submitForm with params: []
[2025-01-01 20:09:33] [INFO] Routing to InstallController::submitForm with params: []
[2025-01-01 20:10:55] [INFO] Routing to InstallController::submitForm with params: []
[2025-01-01 20:10:59] [INFO] Routing to HomeController::index with params: []
[2025-01-01 20:17:48] [INFO] Routing to InstallController::showForm with params: []
[2025-01-01 20:17:59] [INFO] Routing to InstallController::submitForm with params: []
[2025-01-01 20:18:04] [INFO] Routing to HomeController::index with params: []
[2025-01-01 20:18:55] [INFO] Routing to GridController::browse with params: []
[2025-01-01 20:18:57] [INFO] Routing to GridController::play with params: {"game":"16"}
[2025-01-01 20:19:09] [INFO] Routing to GridController::saveProgress with params: []
[2025-01-01 20:20:18] [INFO] Routing to GridController::play with params: {"game":"16"}
[2025-01-01 20:20:20] [INFO] Routing to GridController::browse with params: []
[2025-01-01 20:20:22] [INFO] Routing to HomeController::index with params: []
[2025-01-01 20:20:26] [INFO] Routing to GridController::browse_saved with params: []
[2025-01-01 20:20:30] [INFO] Routing to AuthController::logout with params: []
[2025-01-01 20:20:30] [INFO] Routing to AuthController::login with params: []
[2025-01-01 20:20:34] [INFO] Routing to AuthController::signup with params: []
[2025-01-01 20:24:59] [INFO] Routing to AuthController::register with params: []
[2025-01-01 20:24:59] [INFO] Routing to HomeController::index with params: []
[2025-01-01 20:25:48] [INFO] Routing to AuthController::logout with params: []
[2025-01-01 20:25:48] [INFO] Routing to AuthController::login with params: []
[2025-01-01 20:25:50] [INFO] Routing to AuthController::signup with params: []
[2025-01-01 20:26:23] [INFO] Routing to AuthController::register with params: []
[2025-01-01 20:26:23] [INFO] Routing to HomeController::index with params: []
